SF:C:\Users\matheus.silva\github\ticket-store\src\BuildingBlocks\Core\Repository\BaseRepository.cs
FN:17,Core.Repository.IUnitOfWork Core.Repository.RepositoryBase`2::get_UnitOfWork()
FNDA:0,Core.Repository.IUnitOfWork Core.Repository.RepositoryBase`2::get_UnitOfWork()
DA:18,0
FN:26,System.Void Core.Repository.RepositoryBase`2::Dispose()
FNDA:0,System.Void Core.Repository.RepositoryBase`2::Dispose()
DA:27,0
DA:28,0
DA:29,0
FN:31,System.Void Core.Repository.RepositoryBase`2::Delete(T)
FNDA:0,System.Void Core.Repository.RepositoryBase`2::Delete(T)
DA:32,0
DA:33,0
DA:34,0
FN:56,System.Void Core.Repository.RepositoryBase`2::Create(T)
FNDA:0,System.Void Core.Repository.RepositoryBase`2::Create(T)
DA:57,0
DA:58,0
DA:59,0
FN:61,System.Void Core.Repository.RepositoryBase`2::Update(T)
FNDA:0,System.Void Core.Repository.RepositoryBase`2::Update(T)
DA:62,0
DA:63,0
DA:64,0
FN:66,System.Void Core.Repository.RepositoryBase`2::UpdateRange(System.Collections.Generic.IEnumerable`1<T>)
FNDA:0,System.Void Core.Repository.RepositoryBase`2::UpdateRange(System.Collections.Generic.IEnumerable`1<T>)
DA:67,0
DA:68,0
DA:69,0
FN:76,System.Void Core.Repository.RepositoryBase`2::Dispose(System.Boolean)
FNDA:0,System.Void Core.Repository.RepositoryBase`2::Dispose(System.Boolean)
DA:77,0
DA:78,0
DA:79,0
DA:80,0
DA:81,0
DA:82,0
BRDA:78,4,0,0
BRDA:78,4,1,0
FN:12,System.Void Core.Repository.RepositoryBase`2::.ctor(TContext)
FNDA:0,System.Void Core.Repository.RepositoryBase`2::.ctor(TContext)
DA:13,0
DA:14,0
DA:15,0
DA:16,0
FN:92,System.Void Core.Repository.RepositoryBase`2/<CommitAsync>d__17::MoveNext()
FNDA:0,System.Void Core.Repository.RepositoryBase`2/<CommitAsync>d__17::MoveNext()
DA:93,0
DA:94,0
DA:95,0
FN:84,System.Void Core.Repository.RepositoryBase`2/<DisposeAsync>d__16::MoveNext()
FNDA:0,System.Void Core.Repository.RepositoryBase`2/<DisposeAsync>d__16::MoveNext()
DA:85,0
DA:86,0
DA:87,0
DA:88,0
DA:89,0
DA:90,0
BRDA:86,23,0,0
BRDA:86,23,1,0
FN:20,System.Void Core.Repository.RepositoryBase`2/<DisposeAsync>d__4::MoveNext()
FNDA:0,System.Void Core.Repository.RepositoryBase`2/<DisposeAsync>d__4::MoveNext()
DA:21,0
DA:22,0
DA:23,0
DA:24,0
FN:51,System.Void Core.Repository.RepositoryBase`2/<ExistsAsync>d__10::MoveNext()
FNDA:0,System.Void Core.Repository.RepositoryBase`2/<ExistsAsync>d__10::MoveNext()
DA:52,0
DA:53,0
DA:54,0
FN:71,System.Void Core.Repository.RepositoryBase`2/<GetAsync>d__14::MoveNext()
FNDA:0,System.Void Core.Repository.RepositoryBase`2/<GetAsync>d__14::MoveNext()
DA:72,0
DA:73,0
DA:74,0
FN:41,System.Void Core.Repository.RepositoryBase`2/<GetAsync>d__8::MoveNext()
FNDA:0,System.Void Core.Repository.RepositoryBase`2/<GetAsync>d__8::MoveNext()
DA:42,0
DA:43,0
DA:44,0
FN:36,System.Void Core.Repository.RepositoryBase`2/<SaveChangesAsync>d__7::MoveNext()
FNDA:0,System.Void Core.Repository.RepositoryBase`2/<SaveChangesAsync>d__7::MoveNext()
DA:37,0
DA:38,0
DA:39,0
FN:46,System.Void Core.Repository.RepositoryBase`2/<SearchAsync>d__9::MoveNext()
FNDA:0,System.Void Core.Repository.RepositoryBase`2/<SearchAsync>d__9::MoveNext()
DA:47,0
DA:48,0
DA:49,0
LF:54
LH:0
BRF:4
BRH:0
FNF:16
FNH:0
end_of_record
SF:C:\Users\matheus.silva\github\ticket-store\src\BuildingBlocks\Core\Messages\CommandHandler.cs
FN:7,System.Void Core.Messages.CommandHandler/<PersistData>d__0::MoveNext()
FNDA:0,System.Void Core.Messages.CommandHandler/<PersistData>d__0::MoveNext()
DA:8,0
DA:9,0
DA:10,0
LF:3
LH:0
BRF:0
BRH:0
FNF:1
FNH:0
end_of_record
SF:C:\Users\matheus.silva\github\ticket-store\src\BuildingBlocks\Core\Messages\Message.cs
FN:4,System.String Core.Messages.Message::get_MessageType()
FNDA:0,System.String Core.Messages.Message::get_MessageType()
DA:5,0
FN:5,System.DateTime Core.Messages.Message::get_Timestamp()
FNDA:0,System.DateTime Core.Messages.Message::get_Timestamp()
DA:6,0
FN:7,System.Void Core.Messages.Message::.ctor()
FNDA:0,System.Void Core.Messages.Message::.ctor()
DA:8,0
DA:9,0
DA:10,0
DA:11,0
DA:12,0
LF:7
LH:0
BRF:0
BRH:0
FNF:3
FNH:0
end_of_record
SF:C:\Users\matheus.silva\github\ticket-store\src\BuildingBlocks\Core\Mediator\MediatorHandler.cs
FN:17,System.Threading.Tasks.Task`1<TResult> Core.Mediator.MediatorHandler::SendCommand(T,System.Threading.CancellationToken)
FNDA:0,System.Threading.Tasks.Task`1<TResult> Core.Mediator.MediatorHandler::SendCommand(T,System.Threading.CancellationToken)
DA:18,0
DA:19,0
DA:20,0
FN:5,System.Void Core.Mediator.MediatorHandler::.ctor(MediatR.IMediator)
FNDA:0,System.Void Core.Mediator.MediatorHandler::.ctor(MediatR.IMediator)
DA:6,0
DA:8,0
FN:11,System.Void Core.Mediator.MediatorHandler/<PublishMessage>d__2`1::MoveNext()
FNDA:0,System.Void Core.Mediator.MediatorHandler/<PublishMessage>d__2`1::MoveNext()
DA:12,0
DA:13,0
DA:14,0
LF:8
LH:0
BRF:0
BRH:0
FNF:3
FNH:0
end_of_record
SF:C:\Users\matheus.silva\github\ticket-store\src\BuildingBlocks\Core\Domain\Entity.cs
FN:10,System.Guid Core.Domain.Entity::get_Id()
FNDA:0,System.Guid Core.Domain.Entity::get_Id()
DA:11,0
DA:12,0
DA:13,0
FN:13,System.Void Core.Domain.Entity::set_Id(System.Guid)
FNDA:0,System.Void Core.Domain.Entity::set_Id(System.Guid)
DA:14,0
FN:17,System.Boolean Core.Domain.Entity::IsTransient()
FNDA:0,System.Boolean Core.Domain.Entity::IsTransient()
DA:18,0
DA:19,0
DA:20,0
FN:22,System.Boolean Core.Domain.Entity::Equals(System.Object)
FNDA:0,System.Boolean Core.Domain.Entity::Equals(System.Object)
DA:23,0
DA:24,0
DA:25,0
DA:26,0
DA:29,0
DA:30,0
DA:31,0
DA:34,0
DA:35,0
DA:36,0
DA:39,0
DA:41,0
DA:42,0
DA:43,0
DA:46,0
DA:47,0
DA:49,0
BRDA:24,2,0,0
BRDA:24,2,1,0
BRDA:24,10,0,0
BRDA:24,10,1,0
BRDA:24,23,0,0
BRDA:24,23,1,0
BRDA:29,38,0,0
BRDA:29,38,1,0
BRDA:34,66,0,0
BRDA:34,66,1,0
BRDA:41,86,0,0
BRDA:41,86,1,0
BRDA:41,101,0,0
BRDA:41,101,1,0
FN:51,System.Boolean Core.Domain.Entity::op_Equality(Core.Domain.Entity,Core.Domain.Entity)
FNDA:0,System.Boolean Core.Domain.Entity::op_Equality(Core.Domain.Entity,Core.Domain.Entity)
DA:52,0
DA:53,0
DA:54,0
DA:55,0
DA:58,0
DA:59,0
DA:61,0
BRDA:53,10,0,0
BRDA:53,10,1,0
FN:63,System.Boolean Core.Domain.Entity::op_Inequality(Core.Domain.Entity,Core.Domain.Entity)
FNDA:0,System.Boolean Core.Domain.Entity::op_Inequality(Core.Domain.Entity,Core.Domain.Entity)
DA:64,0
DA:65,0
DA:66,0
FN:67,System.Int32 Core.Domain.Entity::GetHashCode()
FNDA:0,System.Int32 Core.Domain.Entity::GetHashCode()
DA:68,0
LF:35
LH:0
BRF:16
BRH:0
FNF:7
FNH:0
end_of_record
SF:C:\Users\matheus.silva\github\ticket-store\src\BuildingBlocks\Core\Domain\ValueObject .cs
FN:7,System.Boolean Core.Domain.ValueObject::Equals(Core.Domain.ValueObject)
FNDA:0,System.Boolean Core.Domain.ValueObject::Equals(Core.Domain.ValueObject)
DA:8,0
DA:9,0
DA:10,0
BRDA:9,2,0,0
BRDA:9,2,1,0
FN:12,System.Boolean Core.Domain.ValueObject::Equals(System.Object)
FNDA:0,System.Boolean Core.Domain.ValueObject::Equals(System.Object)
DA:13,0
DA:14,0
DA:15,0
BRDA:14,9,0,0
BRDA:14,9,1,0
FN:17,System.Int32 Core.Domain.ValueObject::GetHashCode()
FNDA:0,System.Int32 Core.Domain.ValueObject::GetHashCode()
DA:18,0
DA:19,0
DA:20,0
DA:21,0
FN:23,System.Boolean Core.Domain.ValueObject::ValuesAreEquals(Core.Domain.ValueObject)
FNDA:0,System.Boolean Core.Domain.ValueObject::ValuesAreEquals(Core.Domain.ValueObject)
DA:24,0
DA:25,0
DA:26,0
LF:13
LH:0
BRF:4
BRH:0
FNF:4
FNH:0
end_of_record
SF:C:\Users\matheus.silva\github\ticket-store\src\TicketStore\Domain\Organizer\OrganizerErrors.cs
FN:6,System.Void Domain.Organizer.OrganizerErrors::.cctor()
FNDA:1,System.Void Domain.Organizer.OrganizerErrors::.cctor()
DA:7,1
DA:8,1
DA:9,1
LF:3
LH:3
BRF:0
BRH:0
FNF:1
FNH:1
end_of_record
SF:C:\Users\matheus.silva\github\ticket-store\src\TicketStore\Domain\Organizer\Organizers.cs
FN:9,System.String Domain.Organizer.Organizers::get_CorporateReason()
FNDA:3,System.String Domain.Organizer.Organizers::get_CorporateReason()
DA:10,3
FN:10,Domain.Organizer.ValueObjects.Cnpj Domain.Organizer.Organizers::get_Cnpj()
FNDA:2,Domain.Organizer.ValueObjects.Cnpj Domain.Organizer.Organizers::get_Cnpj()
DA:11,2
FN:11,System.String Domain.Organizer.Organizers::get_Fantasy()
FNDA:2,System.String Domain.Organizer.Organizers::get_Fantasy()
DA:12,2
FN:18,ErrorOr.ErrorOr`1<Domain.Organizer.Organizers> Domain.Organizer.Organizers::Register(Domain.Organizer.DTOs.RegisterOrganizerDTO,System.Boolean)
FNDA:4,ErrorOr.ErrorOr`1<Domain.Organizer.Organizers> Domain.Organizer.Organizers::Register(Domain.Organizer.DTOs.RegisterOrganizerDTO,System.Boolean)
DA:19,4
DA:20,4
DA:22,4
DA:23,4
DA:25,4
DA:26,1
DA:27,1
DA:28,1
DA:30,4
DA:31,1
DA:32,1
DA:33,1
DA:35,4
DA:36,3
DA:37,3
DA:40,1
DA:41,1
DA:42,1
DA:43,1
DA:44,1
DA:45,1
DA:46,4
BRDA:25,36,0,1
BRDA:25,36,1,4
BRDA:30,65,0,1
BRDA:30,65,1,4
BRDA:35,94,0,3
BRDA:35,94,1,1
FN:13,System.Void Domain.Organizer.Organizers::.ctor()
FNDA:1,System.Void Domain.Organizer.Organizers::.ctor()
DA:14,1
DA:15,1
DA:16,1
LF:28
LH:28
BRF:6
BRH:6
FNF:5
FNH:5
end_of_record
SF:C:\Users\matheus.silva\github\ticket-store\src\TicketStore\Domain\Organizer\ValueObjects\Cnpj.cs
FN:6,System.String Domain.Organizer.ValueObjects.Cnpj::get_Value()
FNDA:4,System.String Domain.Organizer.ValueObjects.Cnpj::get_Value()
DA:7,4
FN:14,ErrorOr.ErrorOr`1<Domain.Organizer.ValueObjects.Cnpj> Domain.Organizer.ValueObjects.Cnpj::Create(System.String)
FNDA:5,ErrorOr.ErrorOr`1<Domain.Organizer.ValueObjects.Cnpj> Domain.Organizer.ValueObjects.Cnpj::Create(System.String)
DA:15,5
DA:16,5
DA:17,1
DA:18,1
DA:21,4
DA:22,4
DA:23,4
DA:24,4
DA:26,4
DA:27,5
BRDA:16,16,0,1
BRDA:16,16,1,4
FN:29,Domain.Organizer.ValueObjects.Cnpj Domain.Organizer.ValueObjects.Cnpj::op_Implicit(System.String)
FNDA:1,Domain.Organizer.ValueObjects.Cnpj Domain.Organizer.ValueObjects.Cnpj::op_Implicit(System.String)
DA:30,1
DA:31,1
DA:32,1
FN:8,System.Void Domain.Organizer.ValueObjects.Cnpj::.ctor(System.String)
FNDA:4,System.Void Domain.Organizer.ValueObjects.Cnpj::.ctor(System.String)
DA:9,4
DA:10,4
DA:11,4
DA:12,4
LF:18
LH:18
BRF:2
BRH:2
FNF:4
FNH:4
end_of_record
SF:C:\Users\matheus.silva\github\ticket-store\src\TicketStore\Domain\Organizer\DTOs\CreateOrganizerDTO.cs
FN:7,System.String Domain.Organizer.DTOs.RegisterOrganizerDTO::get_CorporateReason()
FNDA:14,System.String Domain.Organizer.DTOs.RegisterOrganizerDTO::get_CorporateReason()
DA:8,14
FN:9,System.String Domain.Organizer.DTOs.RegisterOrganizerDTO::get_Cnpj()
FNDA:12,System.String Domain.Organizer.DTOs.RegisterOrganizerDTO::get_Cnpj()
DA:10,12
FN:10,System.String Domain.Organizer.DTOs.RegisterOrganizerDTO::get_Fantasy()
FNDA:10,System.String Domain.Organizer.DTOs.RegisterOrganizerDTO::get_Fantasy()
DA:11,10
LF:3
LH:3
BRF:0
BRH:0
FNF:3
FNH:3
end_of_record
SF:C:\Users\matheus.silva\github\ticket-store\src\TicketStore\Domain\Event\Events.cs
FN:9,System.String Domain.Event.Events::get_Name()
FNDA:2,System.String Domain.Event.Events::get_Name()
DA:10,2
FN:10,System.String Domain.Event.Events::get_Description()
FNDA:2,System.String Domain.Event.Events::get_Description()
DA:11,2
FN:11,System.Int32 Domain.Event.Events::get_NumberOfSeats()
FNDA:2,System.Int32 Domain.Event.Events::get_NumberOfSeats()
DA:12,2
FN:12,System.String Domain.Event.Events::get_Image()
FNDA:2,System.String Domain.Event.Events::get_Image()
DA:13,2
FN:13,System.Boolean Domain.Event.Events::get_IsPublished()
FNDA:1,System.Boolean Domain.Event.Events::get_IsPublished()
DA:14,1
FN:14,Domain.Event.ValueObjects.DateRange Domain.Event.Events::get_DateRange()
FNDA:3,Domain.Event.ValueObjects.DateRange Domain.Event.Events::get_DateRange()
DA:15,3
FN:15,System.Collections.Generic.List`1<Domain.Event.Sectors> Domain.Event.Events::get_Sectors()
FNDA:3,System.Collections.Generic.List`1<Domain.Event.Sectors> Domain.Event.Events::get_Sectors()
DA:16,3
FN:16,Domain.Event.ValueObjects.Address Domain.Event.Events::get_Address()
FNDA:3,Domain.Event.ValueObjects.Address Domain.Event.Events::get_Address()
DA:17,3
FN:17,System.Guid Domain.Event.Events::get_OrganizerId()
FNDA:2,System.Guid Domain.Event.Events::get_OrganizerId()
DA:18,2
FN:42,ErrorOr.ErrorOr`1<Domain.Event.Events> Domain.Event.Events::Create(System.Guid,Domain.Event.DTOs.CreateEventDTO,System.Boolean)
FNDA:5,ErrorOr.ErrorOr`1<Domain.Event.Events> Domain.Event.Events::Create(System.Guid,Domain.Event.DTOs.CreateEventDTO,System.Boolean)
DA:43,5
DA:44,5
DA:46,5
DA:47,1
DA:48,1
DA:49,1
DA:51,5
DA:53,5
DA:54,1
DA:55,1
DA:56,1
DA:58,5
DA:59,5
DA:60,2
DA:61,2
DA:62,2
DA:64,5
DA:65,4
DA:66,4
DA:69,1
DA:70,1
DA:71,1
DA:72,1
DA:73,1
DA:74,1
DA:75,1
DA:76,1
DA:77,1
DA:78,5
BRDA:46,13,0,1
BRDA:46,13,1,5
BRDA:53,52,0,1
BRDA:53,52,1,5
BRDA:59,93,0,2
BRDA:59,93,1,5
BRDA:64,124,0,4
BRDA:64,124,1,1
FN:19,System.Void Domain.Event.Events::.ctor()
FNDA:0,System.Void Domain.Event.Events::.ctor()
DA:20,0
DA:21,0
DA:22,0
FN:23,System.Void Domain.Event.Events::.ctor(System.Guid,System.String,System.String,System.String,Domain.Event.ValueObjects.DateRange,System.Collections.Generic.List`1<Domain.Event.Sectors>,Domain.Event.ValueObjects.Address)
FNDA:1,System.Void Domain.Event.Events::.ctor(System.Guid,System.String,System.String,System.String,Domain.Event.ValueObjects.DateRange,System.Collections.Generic.List`1<Domain.Event.Sectors>,Domain.Event.ValueObjects.Address)
DA:24,1
DA:25,1
DA:26,1
DA:27,1
DA:28,1
DA:29,1
DA:30,1
DA:31,1
DA:32,1
DA:33,1
DA:34,1
DA:35,1
DA:36,1
DA:37,1
DA:38,1
DA:39,1
DA:40,1
LF:58
LH:55
BRF:8
BRH:8
FNF:12
FNH:11
end_of_record
SF:C:\Users\matheus.silva\github\ticket-store\src\TicketStore\Domain\Event\EventsErrors.cs
FN:6,System.Void Domain.Event.EventsErrors::.cctor()
FNDA:1,System.Void Domain.Event.EventsErrors::.cctor()
DA:7,1
DA:8,1
DA:9,1
DA:10,1
DA:11,1
LF:5
LH:5
BRF:0
BRH:0
FNF:1
FNH:1
end_of_record
SF:C:\Users\matheus.silva\github\ticket-store\src\TicketStore\Domain\Event\Sectors.cs
FN:8,System.String Domain.Event.Sectors::get_PlaceName()
FNDA:1,System.String Domain.Event.Sectors::get_PlaceName()
DA:9,1
FN:9,System.Int32 Domain.Event.Sectors::get_NumberOfSeats()
FNDA:2,System.Int32 Domain.Event.Sectors::get_NumberOfSeats()
DA:10,2
FN:10,System.Guid Domain.Event.Sectors::get_EventId()
FNDA:0,System.Guid Domain.Event.Sectors::get_EventId()
DA:11,0
FN:11,Domain.Event.Events Domain.Event.Sectors::get_Event()
FNDA:0,Domain.Event.Events Domain.Event.Sectors::get_Event()
DA:12,0
FN:24,ErrorOr.ErrorOr`1<System.Collections.Generic.List`1<Domain.Event.Sectors>> Domain.Event.Sectors::Create(System.Collections.Generic.List`1<Domain.Event.DTOs.SectorsDTO>)
FNDA:5,ErrorOr.ErrorOr`1<System.Collections.Generic.List`1<Domain.Event.Sectors>> Domain.Event.Sectors::Create(System.Collections.Generic.List`1<Domain.Event.DTOs.SectorsDTO>)
DA:25,5
DA:26,5
DA:27,5
DA:29,21
DA:30,3
DA:31,3
DA:33,3
DA:34,2
DA:35,2
DA:36,2
DA:38,1
DA:39,1
DA:40,1
DA:41,3
DA:43,5
DA:44,2
DA:45,2
DA:48,3
DA:49,5
BRDA:29,95,1,3
BRDA:33,51,0,2
BRDA:33,51,1,1
BRDA:29,95,0,5
BRDA:43,127,0,2
BRDA:43,127,1,3
FN:51,ErrorOr.ErrorOr`1<Domain.Event.Sectors> Domain.Event.Sectors::Create(Domain.Event.DTOs.SectorsDTO)
FNDA:3,ErrorOr.ErrorOr`1<Domain.Event.Sectors> Domain.Event.Sectors::Create(Domain.Event.DTOs.SectorsDTO)
DA:52,3
DA:53,3
DA:55,3
DA:56,1
DA:57,1
DA:58,1
DA:60,3
DA:61,1
DA:62,1
DA:63,1
DA:65,3
DA:66,2
DA:67,2
DA:70,1
DA:71,3
BRDA:55,21,0,1
BRDA:55,21,1,3
BRDA:60,50,0,1
BRDA:60,50,1,3
BRDA:65,77,0,2
BRDA:65,77,1,1
FN:13,System.Void Domain.Event.Sectors::.ctor()
FNDA:0,System.Void Domain.Event.Sectors::.ctor()
DA:14,0
DA:15,0
DA:16,0
FN:17,System.Void Domain.Event.Sectors::.ctor(System.String,System.Int32)
FNDA:1,System.Void Domain.Event.Sectors::.ctor(System.String,System.Int32)
DA:18,1
DA:19,1
DA:20,1
DA:21,1
DA:22,1
LF:46
LH:41
BRF:12
BRH:12
FNF:8
FNH:5
end_of_record
SF:C:\Users\matheus.silva\github\ticket-store\src\TicketStore\Domain\Event\ValueObjects\Address.cs
FN:5,System.Nullable`1<System.Int32> Domain.Event.ValueObjects.Address::get_Number()
FNDA:0,System.Nullable`1<System.Int32> Domain.Event.ValueObjects.Address::get_Number()
DA:6,0
FN:6,System.String Domain.Event.ValueObjects.Address::get_Street()
FNDA:1,System.String Domain.Event.ValueObjects.Address::get_Street()
DA:7,1
FN:7,System.String Domain.Event.ValueObjects.Address::get_District()
FNDA:0,System.String Domain.Event.ValueObjects.Address::get_District()
DA:8,0
FN:8,System.String Domain.Event.ValueObjects.Address::get_City()
FNDA:1,System.String Domain.Event.ValueObjects.Address::get_City()
DA:9,1
FN:9,System.String Domain.Event.ValueObjects.Address::get_State()
FNDA:0,System.String Domain.Event.ValueObjects.Address::get_State()
DA:10,0
FN:10,System.String Domain.Event.ValueObjects.Address::get_Country()
FNDA:1,System.String Domain.Event.ValueObjects.Address::get_Country()
DA:11,1
FN:13,Domain.Event.ValueObjects.Address Domain.Event.ValueObjects.Address::Create(Domain.Event.DTOs.AddressDTO)
FNDA:1,Domain.Event.ValueObjects.Address Domain.Event.ValueObjects.Address::Create(Domain.Event.DTOs.AddressDTO)
DA:14,1
DA:15,1
DA:16,1
DA:17,1
DA:18,1
DA:19,1
DA:20,1
DA:21,1
DA:22,1
FN:4,System.Void Domain.Event.ValueObjects.Address::.ctor(System.Nullable`1<System.Int32>,System.String,System.String,System.String,System.String,System.String)
FNDA:1,System.Void Domain.Event.ValueObjects.Address::.ctor(System.Nullable`1<System.Int32>,System.String,System.String,System.String,System.String,System.String)
DA:5,1
LF:16
LH:13
BRF:0
BRH:0
FNF:8
FNH:5
end_of_record
SF:C:\Users\matheus.silva\github\ticket-store\src\TicketStore\Domain\Event\ValueObjects\DateRange.cs
FN:7,System.DateTime Domain.Event.ValueObjects.DateRange::get_Start()
FNDA:5,System.DateTime Domain.Event.ValueObjects.DateRange::get_Start()
DA:8,5
FN:8,System.DateTime Domain.Event.ValueObjects.DateRange::get_End()
FNDA:5,System.DateTime Domain.Event.ValueObjects.DateRange::get_End()
DA:9,5
FN:11,ErrorOr.ErrorOr`1<Domain.Event.ValueObjects.DateRange> Domain.Event.ValueObjects.DateRange::Create(Domain.Event.DTOs.DateRangeDTO)
FNDA:5,ErrorOr.ErrorOr`1<Domain.Event.ValueObjects.DateRange> Domain.Event.ValueObjects.DateRange::Create(Domain.Event.DTOs.DateRangeDTO)
DA:12,5
DA:13,5
DA:14,1
DA:15,1
DA:18,4
DA:19,4
DA:20,4
DA:21,4
DA:22,4
DA:23,5
BRDA:13,20,0,1
BRDA:13,20,1,4
LF:12
LH:12
BRF:2
BRH:2
FNF:3
FNH:3
end_of_record
SF:C:\Users\matheus.silva\github\ticket-store\src\TicketStore\Domain\Event\DTOs\AddressDTO.cs
FN:3,System.Nullable`1<System.Int32> Domain.Event.DTOs.AddressDTO::get_Number()
FNDA:1,System.Nullable`1<System.Int32> Domain.Event.DTOs.AddressDTO::get_Number()
DA:4,1
FN:4,System.String Domain.Event.DTOs.AddressDTO::get_Street()
FNDA:2,System.String Domain.Event.DTOs.AddressDTO::get_Street()
DA:5,2
FN:5,System.String Domain.Event.DTOs.AddressDTO::get_District()
FNDA:1,System.String Domain.Event.DTOs.AddressDTO::get_District()
DA:6,1
FN:6,System.String Domain.Event.DTOs.AddressDTO::get_City()
FNDA:2,System.String Domain.Event.DTOs.AddressDTO::get_City()
DA:7,2
FN:7,System.String Domain.Event.DTOs.AddressDTO::get_State()
FNDA:1,System.String Domain.Event.DTOs.AddressDTO::get_State()
DA:8,1
FN:8,System.String Domain.Event.DTOs.AddressDTO::get_Country()
FNDA:2,System.String Domain.Event.DTOs.AddressDTO::get_Country()
DA:9,2
FN:2,System.Void Domain.Event.DTOs.AddressDTO::.ctor(System.Nullable`1<System.Int32>,System.String,System.String,System.String,System.String,System.String)
FNDA:1,System.Void Domain.Event.DTOs.AddressDTO::.ctor(System.Nullable`1<System.Int32>,System.String,System.String,System.String,System.String,System.String)
DA:3,1
LF:7
LH:7
BRF:0
BRH:0
FNF:7
FNH:7
end_of_record
SF:C:\Users\matheus.silva\github\ticket-store\src\TicketStore\Domain\Event\DTOs\CreateEventDTO.cs
FN:3,System.String Domain.Event.DTOs.CreateEventDTO::get_Name()
FNDA:2,System.String Domain.Event.DTOs.CreateEventDTO::get_Name()
DA:4,2
FN:4,System.String Domain.Event.DTOs.CreateEventDTO::get_Description()
FNDA:2,System.String Domain.Event.DTOs.CreateEventDTO::get_Description()
DA:5,2
FN:5,System.String Domain.Event.DTOs.CreateEventDTO::get_Image()
FNDA:2,System.String Domain.Event.DTOs.CreateEventDTO::get_Image()
DA:6,2
FN:6,Domain.Event.DTOs.DateRangeDTO Domain.Event.DTOs.CreateEventDTO::get_DateRange()
FNDA:7,Domain.Event.DTOs.DateRangeDTO Domain.Event.DTOs.CreateEventDTO::get_DateRange()
DA:7,7
FN:7,System.Collections.Generic.List`1<Domain.Event.DTOs.SectorsDTO> Domain.Event.DTOs.CreateEventDTO::get_Sectors()
FNDA:5,System.Collections.Generic.List`1<Domain.Event.DTOs.SectorsDTO> Domain.Event.DTOs.CreateEventDTO::get_Sectors()
DA:8,5
FN:8,Domain.Event.DTOs.AddressDTO Domain.Event.DTOs.CreateEventDTO::get_Address()
FNDA:8,Domain.Event.DTOs.AddressDTO Domain.Event.DTOs.CreateEventDTO::get_Address()
DA:9,8
FN:2,System.Void Domain.Event.DTOs.CreateEventDTO::.ctor(System.String,System.String,System.String,Domain.Event.DTOs.DateRangeDTO,System.Collections.Generic.List`1<Domain.Event.DTOs.SectorsDTO>,Domain.Event.DTOs.AddressDTO)
FNDA:5,System.Void Domain.Event.DTOs.CreateEventDTO::.ctor(System.String,System.String,System.String,Domain.Event.DTOs.DateRangeDTO,System.Collections.Generic.List`1<Domain.Event.DTOs.SectorsDTO>,Domain.Event.DTOs.AddressDTO)
DA:3,5
LF:7
LH:7
BRF:0
BRH:0
FNF:7
FNH:7
end_of_record
SF:C:\Users\matheus.silva\github\ticket-store\src\TicketStore\Domain\Event\DTOs\DateRangeDTO.cs
FN:3,System.DateTime Domain.Event.DTOs.DateRangeDTO::get_Start()
FNDA:10,System.DateTime Domain.Event.DTOs.DateRangeDTO::get_Start()
DA:4,10
FN:4,System.DateTime Domain.Event.DTOs.DateRangeDTO::get_End()
FNDA:15,System.DateTime Domain.Event.DTOs.DateRangeDTO::get_End()
DA:5,15
FN:2,System.Void Domain.Event.DTOs.DateRangeDTO::.ctor(System.DateTime,System.DateTime)
FNDA:5,System.Void Domain.Event.DTOs.DateRangeDTO::.ctor(System.DateTime,System.DateTime)
DA:3,5
LF:3
LH:3
BRF:0
BRH:0
FNF:3
FNH:3
end_of_record
SF:C:\Users\matheus.silva\github\ticket-store\src\TicketStore\Domain\Event\DTOs\SectorsDTO.cs
FN:3,System.String Domain.Event.DTOs.SectorsDTO::get_PlaceName()
FNDA:4,System.String Domain.Event.DTOs.SectorsDTO::get_PlaceName()
DA:4,4
FN:4,System.Int32 Domain.Event.DTOs.SectorsDTO::get_NumberOfSeats()
FNDA:7,System.Int32 Domain.Event.DTOs.SectorsDTO::get_NumberOfSeats()
DA:5,7
FN:2,System.Void Domain.Event.DTOs.SectorsDTO::.ctor(System.String,System.Int32)
FNDA:3,System.Void Domain.Event.DTOs.SectorsDTO::.ctor(System.String,System.Int32)
DA:3,3
LF:3
LH:3
BRF:0
BRH:0
FNF:3
FNH:3
end_of_record